<?xml version="1.0" encoding="UTF-8"?>
<!-- Generated by org.testng.reporters.JUnitReportReporter -->
<testsuite hostname="DESKTOP-5MAMO98" failures="0" tests="1" name="runner.RunCuke" time="34.585" errors="0" timestamp="2023-10-26T22:06:57 IST" skipped="0">
  <testcase classname="runner.RunCuke" name="runScenario" time="34.585"/>
  <system-out/>
</testsuite> <!-- runner.RunCuke -->
